1252643112|Andrew Caudwell|A|/.gitignore
1252643112|Andrew Caudwell|A|/COPYING
1252643112|Andrew Caudwell|A|/INSTALL
1252643112|Andrew Caudwell|A|/Makefile.in
1252643112|Andrew Caudwell|A|/README
1252643112|Andrew Caudwell|A|/README-SDL
1252643112|Andrew Caudwell|A|/THANKS
1252643112|Andrew Caudwell|A|/aclocal.m4
1252643112|Andrew Caudwell|A|/configure
1252643112|Andrew Caudwell|A|/configure.ac
1252643112|Andrew Caudwell|A|/gource.win32.cbp
1252643112|Andrew Caudwell|A|/m4/acx_pthread.m4
1252643112|Andrew Caudwell|A|/m4/ax_check_gl.m4
1252643112|Andrew Caudwell|A|/m4/ax_check_glu.m4
1252643112|Andrew Caudwell|A|/m4/ax_check_glut.m4
1252643112|Andrew Caudwell|A|/m4/ax_lang_compiler_ms.m4
1252643112|Andrew Caudwell|A|/m4/freetype2.m4
1252643112|Andrew Caudwell|A|/src/.gitignore
1252643112|Andrew Caudwell|A|/src/Makefile.in
1252643112|Andrew Caudwell|A|/src/action.cpp
1252643112|Andrew Caudwell|A|/src/action.h
1252643112|Andrew Caudwell|A|/src/commitlog.cpp
1252643112|Andrew Caudwell|A|/src/commitlog.h
1252643112|Andrew Caudwell|A|/src/core/.gitignore
1252643112|Andrew Caudwell|A|/src/core/Makefile.in
1252643112|Andrew Caudwell|A|/src/core/bounds.h
1252643112|Andrew Caudwell|A|/src/core/camera.cpp
1252643112|Andrew Caudwell|A|/src/core/camera.h
1252643112|Andrew Caudwell|A|/src/core/display.cpp
1252643112|Andrew Caudwell|A|/src/core/display.h
1252643112|Andrew Caudwell|A|/src/core/extensions.cpp
1252643112|Andrew Caudwell|A|/src/core/extensions.h
1252643112|Andrew Caudwell|A|/src/core/frustum.cpp
1252643112|Andrew Caudwell|A|/src/core/frustum.h
1252643112|Andrew Caudwell|A|/src/core/fxfont.cpp
1252643112|Andrew Caudwell|A|/src/core/fxfont.h
1252643112|Andrew Caudwell|A|/src/core/logger.cpp
1252643112|Andrew Caudwell|A|/src/core/logger.h
1252643112|Andrew Caudwell|A|/src/core/pi.h
1252643112|Andrew Caudwell|A|/src/core/plane.cpp
1252643112|Andrew Caudwell|A|/src/core/plane.h
1252643112|Andrew Caudwell|A|/src/core/quadtree.cpp
1252643112|Andrew Caudwell|A|/src/core/quadtree.h
1252643112|Andrew Caudwell|A|/src/core/regex.cpp
1252643112|Andrew Caudwell|A|/src/core/regex.h
1252643112|Andrew Caudwell|A|/src/core/resource.cpp
1252643112|Andrew Caudwell|A|/src/core/resource.h
1252643112|Andrew Caudwell|A|/src/core/sdlapp.cpp
1252643112|Andrew Caudwell|A|/src/core/sdlapp.h
1252643112|Andrew Caudwell|A|/src/core/seeklog.cpp
1252643112|Andrew Caudwell|A|/src/core/seeklog.h
1252643112|Andrew Caudwell|A|/src/core/stringhash.cpp
1252643112|Andrew Caudwell|A|/src/core/stringhash.h
1252643112|Andrew Caudwell|A|/src/core/texture.cpp
1252643112|Andrew Caudwell|A|/src/core/texture.h
1252643112|Andrew Caudwell|A|/src/core/vectors.h
1252643112|Andrew Caudwell|A|/src/custom.cpp
1252643112|Andrew Caudwell|A|/src/custom.h
1252643112|Andrew Caudwell|A|/src/cvs-exp.cpp
1252643112|Andrew Caudwell|A|/src/cvs-exp.h
1252643112|Andrew Caudwell|A|/src/dirnode.cpp
1252643112|Andrew Caudwell|A|/src/dirnode.h
1252643112|Andrew Caudwell|A|/src/file.cpp
1252643112|Andrew Caudwell|A|/src/file.h
1252643112|Andrew Caudwell|A|/src/git.cpp
1252643112|Andrew Caudwell|A|/src/git.h
1252643112|Andrew Caudwell|A|/src/gource.cpp
1252643112|Andrew Caudwell|A|/src/gource.h
1252643112|Andrew Caudwell|A|/src/main.cpp
1252643112|Andrew Caudwell|A|/src/main.h
1252643112|Andrew Caudwell|A|/src/pawn.cpp
1252643112|Andrew Caudwell|A|/src/pawn.h
1252643112|Andrew Caudwell|A|/src/slider.cpp
1252643112|Andrew Caudwell|A|/src/slider.h
1252643112|Andrew Caudwell|A|/src/spline.cpp
1252643112|Andrew Caudwell|A|/src/spline.h
1252643112|Andrew Caudwell|A|/src/user.cpp
1252643112|Andrew Caudwell|A|/src/user.h
1252643112|Andrew Caudwell|A|/src/zoomcamera.cpp
1252643112|Andrew Caudwell|A|/src/zoomcamera.h
1252663673|unknown|A|/data/gource.1
1252663705|unknown|A|/data/beam.png
1252663705|unknown|A|/data/file.png
1252663705|unknown|A|/data/no_photo.png
1252663788|unknown|A|/data/fonts/FreeSans.ttf
1252663788|unknown|A|/data/fonts/README
1252663788|unknown|M|/src/file.cpp
1252663788|unknown|M|/src/gource.cpp
1252663788|unknown|M|/src/gource.h
1252663788|unknown|M|/src/slider.cpp
1252663788|unknown|M|/src/user.cpp
1252664414|Andrew Caudwell|M|/.gitignore
1252664562|Andrew Caudwell|M|/gource.win32.cbp
1252887720|Andrew Caudwell|M|/Makefile.in
1252891208|Andrew Caudwell|A|/config.guess
1252891208|Andrew Caudwell|A|/config.sub
1252891208|Andrew Caudwell|A|/install-sh
1252891232|Andrew Caudwell|M|/.gitignore
1252894038|Brenda Wallace|M|/README
1252897132|Andrew Caudwell|M|/src/gource.cpp
1252897490|Andrew Caudwell|M|/README
1252898680|Andrew Caudwell|M|/README
1252898680|Andrew Caudwell|M|/data/gource.1
1252901581|Andrew Caudwell|M|/README
1252901581|Andrew Caudwell|M|/data/gource.1
1253053036|Andrew Caudwell|M|/README
1253053036|Andrew Caudwell|M|/data/gource.1
1253073291|Andrew Caudwell|A|/debian/changelog
1253073291|Andrew Caudwell|A|/debian/compat
1253073291|Andrew Caudwell|A|/debian/control
1253073291|Andrew Caudwell|A|/debian/copyright
1253073291|Andrew Caudwell|A|/debian/dirs
1253073291|Andrew Caudwell|A|/debian/docs
1253073291|Andrew Caudwell|A|/debian/rules
1253080227|Andrew Caudwell|M|/src/git.cpp
1253080227|Andrew Caudwell|M|/src/git.h
1253080620|Andrew Caudwell|M|/src/gource.cpp
1253080645|Andrew Caudwell|M|/README
1253080645|Andrew Caudwell|M|/data/gource.1
1253081398|Andrew Caudwell|M|/src/gource.cpp
1253082096|Andrew Caudwell|M|/debian/changelog
1253090049|Andrew Caudwell|M|/src/gource.cpp
1253091870|Johannes Schindelin|M|/src/core/display.cpp
1253091870|Johannes Schindelin|M|/src/core/display.h
1253091937|Johannes Schindelin|M|/src/core/fxfont.cpp
1253091954|Andrew Caudwell|M|/src/core/texture.cpp
1253097061|Johannes Schindelin|M|/src/gource.cpp
1253097061|Johannes Schindelin|M|/src/main.cpp
1253097329|Johannes Schindelin|M|/src/main.cpp
1253111923|Johannes Schindelin|M|/src/git.cpp
1253103100|Johannes Schindelin|M|/.gitignore
1253160337|Andrew Caudwell|M|/src/main.cpp
1253162099|Andrew Caudwell|M|/README
1253162099|Andrew Caudwell|M|/data/gource.1
1253162099|Andrew Caudwell|M|/src/gource.cpp
1253162477|Andrew Caudwell|M|/README
1253171193|Andrew Caudwell|M|/README
1253171193|Andrew Caudwell|M|/src/git.cpp
1253174249|Andrew Caudwell|M|/README
1253174334|Andrew Caudwell|A|/README.win32.txt
1253188841|Johannes Schindelin|M|/README
1253188841|Johannes Schindelin|M|/src/git.cpp
1253191835|Johannes Schindelin|M|/src/git.cpp
1253223989|Andrew Caudwell|M|/src/git.cpp
1253224921|Andrew Caudwell|M|/src/git.cpp
1253224921|Andrew Caudwell|M|/src/git.h
1253137778|Alex Riesen|M|/src/Makefile.in
1253137778|Alex Riesen|M|/src/core/Makefile.in
1253167819|Alex Riesen|M|/src/Makefile.in
1253167819|Alex Riesen|M|/src/core/Makefile.in
1253237193|Andrew Caudwell|M|/src/gource.cpp
1253237368|Andrew Caudwell|M|/src/gource.cpp
1253242529|Andrew Caudwell|M|/src/main.cpp
1253242585|Andrew Caudwell|M|/src/commitlog.cpp
1253242585|Andrew Caudwell|M|/src/gource.cpp
1253262823|Andrew Caudwell|M|/README
1253262823|Andrew Caudwell|M|/data/gource.1
1253262823|Andrew Caudwell|M|/src/commitlog.cpp
1253262823|Andrew Caudwell|M|/src/core/seeklog.cpp
1253262823|Andrew Caudwell|M|/src/core/seeklog.h
1253262823|Andrew Caudwell|M|/src/gource.cpp
1253262823|Andrew Caudwell|M|/src/gource.h
1253262823|Andrew Caudwell|M|/src/main.cpp
1253264030|Andrew Caudwell|M|/README
1253264030|Andrew Caudwell|M|/data/gource.1
1253264358|Andrew Caudwell|M|/README
1253275081|Andrew Caudwell|M|/src/git.cpp
1253276287|Andrew Caudwell|M|/src/git.cpp
1253276566|Andrew Caudwell|M|/README.win32.txt
1253276922|Andrew Caudwell|M|/src/git.cpp
1253278558|Andrew Caudwell|M|/src/git.cpp
1253314352|Andrew Caudwell|M|/src/gource.cpp
1253314395|Andrew Caudwell|D|/README.win32.txt
1253314395|Andrew Caudwell|M|/src/main.cpp
1253327134|Andrew Caudwell|A|/README.win32.txt
1253338305|Andrew Caudwell|M|/src/main.cpp
1253338397|Andrew Caudwell|M|/src/gource.cpp
1253338397|Andrew Caudwell|M|/src/gource.h
1253338559|Andrew Caudwell|M|/src/commitlog.cpp
1253338694|Andrew Caudwell|D|/README.win32.txt
1253340423|Andrew Caudwell|M|/src/gource.cpp
1253340423|Andrew Caudwell|M|/src/main.cpp
1253399061|Andrew Caudwell|M|/src/git.cpp
1253399144|Andrew Caudwell|M|/src/main.cpp
1253400239|Ferry Huberts|M|/.gitignore
1253435659|Andrew Caudwell|M|/src/cvs-exp.cpp
1253435771|Andrew Caudwell|A|/src/gitraw.cpp
1253435771|Andrew Caudwell|A|/src/gitraw.h
1253435860|Andrew Caudwell|M|/README
1253435860|Andrew Caudwell|M|/data/gource.1
1253435860|Andrew Caudwell|M|/src/main.cpp
1253436077|Andrew Caudwell|M|/src/gource.cpp
1253436077|Andrew Caudwell|M|/src/gource.h
1253436189|Andrew Caudwell|M|/src/commitlog.cpp
1253436189|Andrew Caudwell|M|/src/commitlog.h
1253436189|Andrew Caudwell|M|/src/git.cpp
1253436189|Andrew Caudwell|M|/src/git.h
1253436512|Andrew Caudwell|M|/README
1253436958|Andrew Caudwell|M|/src/Makefile.in
1253437152|Andrew Caudwell|M|/gource.win32.cbp
1253449800|Andrew Caudwell|M|/README
1253449800|Andrew Caudwell|M|/data/gource.1
1253449800|Andrew Caudwell|M|/src/gource.cpp
1253449800|Andrew Caudwell|M|/src/main.cpp
1253449800|Andrew Caudwell|M|/src/zoomcamera.cpp
1253449800|Andrew Caudwell|M|/src/zoomcamera.h
1253513107|Andrew Caudwell|M|/src/git.cpp
1253574195|Andrew Caudwell|M|/debian/copyright
1253574195|Andrew Caudwell|M|/src/commitlog.cpp
1253574195|Andrew Caudwell|M|/src/commitlog.h
1253574195|Andrew Caudwell|A|/src/core/utf8/checked.h
1253574195|Andrew Caudwell|A|/src/core/utf8/core.h
1253574195|Andrew Caudwell|A|/src/core/utf8/unchecked.h
1253574195|Andrew Caudwell|A|/src/core/utf8/utf8.h
1253574493|Andrew Caudwell|M|/README
1253590732|Andrew Caudwell|M|/Makefile.in
1253590732|Andrew Caudwell|M|/README
1253590732|Andrew Caudwell|M|/configure
1253590732|Andrew Caudwell|M|/configure.ac
1253590732|Andrew Caudwell|M|/debian/changelog
1253590732|Andrew Caudwell|M|/src/core/Makefile.in
1253590732|Andrew Caudwell|M|/src/core/display.cpp
1253602203|Andrew Caudwell|M|/.gitignore
1253602203|Andrew Caudwell|A|/dev/.gitignore
1253602203|Andrew Caudwell|A|/dev/bin/build_tar.pl
1253602298|Andrew Caudwell|M|/src/core/utf8/utf8.h
1253604345|Andrew Caudwell|M|/src/main.cpp
1253604384|Andrew Caudwell|M|/src/gource.cpp
1253604513|Andrew Caudwell|M|/gource.win32.cbp
1253605753|Andrew Caudwell|A|/dev/bin/build_win32.pl
1253697475|Andrew Caudwell|M|/dev/bin/build_win32.pl
1253737773|Francois Marier|M|/data/gource.1
1253704735|Sebastian Hahn|M|/README
1253771643|Andrew Caudwell|M|/src/git.cpp
1253772267|Andrew Caudwell|M|/README
1253772267|Andrew Caudwell|M|/data/gource.1
1253772386|Andrew Caudwell|M|/debian/changelog
1253772386|Andrew Caudwell|M|/dev/bin/build_tar.pl
1253772386|Andrew Caudwell|M|/dev/bin/build_win32.pl
1253782586|Andrew Caudwell|M|/README
1253782586|Andrew Caudwell|M|/data/gource.1
1253784836|Andrew Caudwell|M|/README
1253784836|Andrew Caudwell|M|/data/gource.1
1253785245|Andrew Caudwell|M|/dev/bin/build_tar.pl
1253785245|Andrew Caudwell|M|/dev/bin/build_win32.pl
1253785371|Andrew Caudwell|M|/debian/changelog
1254092513|Andrew Caudwell|M|/README
1254092513|Andrew Caudwell|M|/data/gource.1
1254206621|Andrew Caudwell|M|/src/action.cpp
1254206621|Andrew Caudwell|M|/src/action.h
1254206621|Andrew Caudwell|M|/src/gource.cpp
1254206621|Andrew Caudwell|M|/src/gource.h
1254206621|Andrew Caudwell|M|/src/main.cpp
1254206621|Andrew Caudwell|M|/src/user.cpp
1254206621|Andrew Caudwell|M|/src/user.h
1254214985|Andrew Caudwell|M|/src/user.cpp
1254269900|Jeff King|M|/src/git.cpp
1254275903|Andrew Caudwell|M|/README
1254290713|Andrew Caudwell|M|/src/commitlog.cpp
1254290850|Andrew Caudwell|M|/README
1254290850|Andrew Caudwell|M|/aclocal.m4
1254290850|Andrew Caudwell|M|/configure
1254290850|Andrew Caudwell|M|/configure.ac
1254290850|Andrew Caudwell|A|/m4/sdl.m4
1254290850|Andrew Caudwell|M|/src/Makefile.in
1254290850|Andrew Caudwell|M|/src/core/extensions.h
1254290850|Andrew Caudwell|M|/src/core/sdlapp.h
1254290850|Andrew Caudwell|M|/src/core/texture.h
1254292795|Andrew Caudwell|M|/README
1254292795|Andrew Caudwell|M|/src/Makefile.in
1254292795|Andrew Caudwell|M|/src/core/Makefile.in
1254348432|Andrew Caudwell|M|/src/core/display.cpp
1254370804|Andrew Caudwell|M|/src/user.cpp
1254370901|Andrew Caudwell|M|/README
1254370901|Andrew Caudwell|M|/aclocal.m4
1254370901|Andrew Caudwell|M|/configure
1254370901|Andrew Caudwell|M|/configure.ac
1254370901|Andrew Caudwell|A|/m4/pkg.m4
1254370901|Andrew Caudwell|M|/src/core/fxfont.h
1254431913|Andrew Caudwell|M|/README
1254431913|Andrew Caudwell|M|/configure
1254431913|Andrew Caudwell|M|/configure.ac
1254436132|Andrew Caudwell|M|/README
1254527607|Andrew Caudwell|M|/src/gource.cpp
1254529385|Andrew Caudwell|M|/src/core/extensions.h
1254529385|Andrew Caudwell|M|/src/core/fxfont.h
1254529385|Andrew Caudwell|M|/src/core/sdlapp.h
1254529385|Andrew Caudwell|M|/src/core/texture.h
1254530890|Andrew Caudwell|M|/src/gource.cpp
1254530890|Andrew Caudwell|M|/src/gource.h
1254783985|Andrew Caudwell|M|/README
1254783985|Andrew Caudwell|M|/data/gource.1
1254783985|Andrew Caudwell|M|/src/gource.cpp
1254783985|Andrew Caudwell|M|/src/main.cpp
1254783985|Andrew Caudwell|M|/src/user.cpp
1254783985|Andrew Caudwell|M|/src/user.h
1254826112|Andrew Caudwell|M|/gource.win32.cbp
1254826112|Andrew Caudwell|A|/src/apache.cpp
1254826112|Andrew Caudwell|A|/src/apache.h
1254826112|Andrew Caudwell|M|/src/gource.cpp
1254826112|Andrew Caudwell|M|/src/gource.h
1254826112|Andrew Caudwell|M|/src/main.cpp
1254874676|Andrew Caudwell|M|/src/Makefile.in
1254874676|Andrew Caudwell|M|/src/apache.cpp
1255302974|Andrew Caudwell|M|/src/apache.cpp
1255309473|Johannes Schindelin|M|/README
1255309473|Johannes Schindelin|M|/configure
1255309473|Johannes Schindelin|M|/configure.ac
1255309473|Johannes Schindelin|M|/src/Makefile.in
1255309473|Johannes Schindelin|A|/src/ffmpeg.cpp
1255309473|Johannes Schindelin|A|/src/ffmpeg.h
1255309473|Johannes Schindelin|M|/src/gource.cpp
1255309473|Johannes Schindelin|M|/src/gource.h
1255309473|Johannes Schindelin|M|/src/main.cpp
1255312773|Andrew Caudwell|M|/README
1255312773|Andrew Caudwell|M|/configure
1255312773|Andrew Caudwell|M|/configure.ac
1255312773|Andrew Caudwell|M|/src/ffmpeg.cpp
1255320992|Andrew Caudwell|M|/README
1255320992|Andrew Caudwell|M|/data/gource.1
1255320992|Andrew Caudwell|M|/src/ffmpeg.cpp
1255320992|Andrew Caudwell|M|/src/ffmpeg.h
1255320992|Andrew Caudwell|M|/src/gource.cpp
1255320992|Andrew Caudwell|M|/src/main.cpp
1255471390|Andrew Caudwell|M|/src/ffmpeg.cpp
1255471390|Andrew Caudwell|M|/src/ffmpeg.h
1255471390|Andrew Caudwell|M|/src/gource.cpp
1255471390|Andrew Caudwell|M|/src/gource.h
1255471390|Andrew Caudwell|M|/src/main.cpp
1255472783|Andrew Caudwell|M|/configure
1255472783|Andrew Caudwell|M|/configure.ac
1255472783|Andrew Caudwell|M|/src/ffmpeg.cpp
1255472783|Andrew Caudwell|M|/src/gource.cpp
1255495168|Andrew Caudwell|M|/README
1255495168|Andrew Caudwell|M|/data/gource.1
1255495168|Andrew Caudwell|M|/src/gource.cpp
1255495168|Andrew Caudwell|M|/src/gource.h
1255495168|Andrew Caudwell|M|/src/main.cpp
1255575529|Andrew Caudwell|M|/README
1255575529|Andrew Caudwell|M|/data/gource.1
1255575529|Andrew Caudwell|M|/src/ffmpeg.cpp
1255575529|Andrew Caudwell|M|/src/ffmpeg.h
1255575529|Andrew Caudwell|M|/src/gource.cpp
1255575529|Andrew Caudwell|M|/src/gource.h
1255575529|Andrew Caudwell|M|/src/main.cpp
1255580160|Andrew Caudwell|M|/dev/bin/build_tar.pl
1255580160|Andrew Caudwell|M|/dev/bin/build_win32.pl
1255580174|Andrew Caudwell|M|/README
1255580174|Andrew Caudwell|M|/data/gource.1
1255580174|Andrew Caudwell|M|/src/gource.cpp
1255662187|Andrew Caudwell|M|/configure
1255662187|Andrew Caudwell|M|/configure.ac
1255998595|Andrew Caudwell|M|/README
1255998595|Andrew Caudwell|M|/configure
1255998595|Andrew Caudwell|M|/configure.ac
1255998595|Andrew Caudwell|M|/data/gource.1
1255998595|Andrew Caudwell|M|/src/Makefile.in
1255998595|Andrew Caudwell|D|/src/ffmpeg.cpp
1255998595|Andrew Caudwell|D|/src/ffmpeg.h
1255998595|Andrew Caudwell|M|/src/gource.cpp
1255998595|Andrew Caudwell|M|/src/gource.h
1255998595|Andrew Caudwell|M|/src/main.cpp
1255998595|Andrew Caudwell|A|/src/ppm.cpp
1255998595|Andrew Caudwell|A|/src/ppm.h
1256013482|Andrew Caudwell|M|/gource.win32.cbp
1256018404|Andrew Caudwell|M|/src/gource.cpp
1256018404|Andrew Caudwell|M|/src/main.cpp
1256018404|Andrew Caudwell|M|/src/ppm.cpp
1256033644|Andrew Caudwell|M|/README
1256075398|Andrew Caudwell|M|/dev/bin/build_tar.pl
1256075398|Andrew Caudwell|M|/dev/bin/build_win32.pl
1256075398|Andrew Caudwell|M|/src/gource.h
1256075434|Andrew Caudwell|M|/debian/changelog
1256075434|Andrew Caudwell|M|/debian/control
1256075434|Andrew Caudwell|M|/debian/copyright
1256075481|Andrew Caudwell|M|/README
1256075481|Andrew Caudwell|M|/data/gource.1
1256075481|Andrew Caudwell|M|/src/gource.cpp
1256085934|Andrew Caudwell|M|/src/ppm.cpp
1256088176|Andrew Caudwell|M|/README
1256088176|Andrew Caudwell|M|/data/gource.1
1256088176|Andrew Caudwell|M|/src/gource.cpp
1256088176|Andrew Caudwell|M|/src/gource.h
1256088176|Andrew Caudwell|M|/src/main.cpp
1256088731|Andrew Caudwell|M|/README
1256092704|Andrew Caudwell|M|/src/core/texture.cpp
1256095737|Andrew Caudwell|M|/README
1256095737|Andrew Caudwell|M|/data/gource.1
1256158570|Andrew Caudwell|M|/README
1256158570|Andrew Caudwell|M|/data/gource.1
1256252030|Andrew Caudwell|M|/configure
1256252030|Andrew Caudwell|M|/configure.ac
1256698540|Andrew Caudwell|M|/src/core/seeklog.cpp
1256863241|Andrew Caudwell|M|/configure
1256863241|Andrew Caudwell|M|/configure.ac
1256864429|Andrew Caudwell|M|/README
1256864429|Andrew Caudwell|M|/data/gource.1
1256864429|Andrew Caudwell|M|/src/gource.cpp
1256864429|Andrew Caudwell|M|/src/main.cpp
1256864429|Andrew Caudwell|M|/src/pawn.cpp
1256864429|Andrew Caudwell|M|/src/pawn.h
1256864429|Andrew Caudwell|M|/src/user.cpp
1256864429|Andrew Caudwell|M|/src/user.h
1257201636|Andrew Caudwell|M|/configure
1257201636|Andrew Caudwell|M|/configure.ac
1257202022|Andrew Caudwell|M|/README
1257202022|Andrew Caudwell|M|/src/gource.h
1257281383|Andrew Caudwell|M|/dev/bin/build_tar.pl
1257546544|Andrew Caudwell|M|/README
1257546544|Andrew Caudwell|M|/src/commitlog.h
1257546544|Andrew Caudwell|M|/src/git.cpp
1257546544|Andrew Caudwell|M|/src/gource.cpp
1257575481|Andrew Caudwell|M|/src/core/extensions.h
1257575481|Andrew Caudwell|M|/src/core/sdlapp.h
1257575481|Andrew Caudwell|M|/src/core/texture.h
1257819288|Andrew Caudwell|M|/configure
1257819288|Andrew Caudwell|M|/configure.ac
1257825965|Andrew Caudwell|M|/README
1257980295|Pat Notz|M|/README
1257980295|Pat Notz|M|/src/gource.cpp
1257980295|Pat Notz|M|/src/gource.h
1257980295|Pat Notz|M|/src/main.cpp
1258018448|Andrew Caudwell|M|/README
1258018448|Andrew Caudwell|M|/data/gource.1
1258018448|Andrew Caudwell|M|/src/gource.cpp
1258018448|Andrew Caudwell|M|/src/main.cpp
1258166187|Andrew Caudwell|M|/README
1258166187|Andrew Caudwell|M|/data/gource.1
1258166765|Andrew Caudwell|M|/debian/changelog
1258347501|Andrew Caudwell|M|/README
1258347501|Andrew Caudwell|M|/src/cvs-exp.cpp
1258355286|Andrew Caudwell|M|/configure
1258355286|Andrew Caudwell|M|/configure.ac
1258407931|Cameron Hart|M|/src/gource.cpp
1258407931|Cameron Hart|M|/src/gource.h
1258409822|Andrew Caudwell|M|/README
1258409822|Andrew Caudwell|M|/data/gource.1
1258409822|Andrew Caudwell|M|/src/gource.cpp
1258959749|Andrew Caudwell|M|/src/gource.cpp
1258959749|Andrew Caudwell|M|/src/gource.h
1259114939|Andrew Caudwell|M|/debian/changelog
1259114939|Andrew Caudwell|M|/src/gource.h
1259116054|Andrew Caudwell|M|/README
1259116054|Andrew Caudwell|M|/data/gource.1
1259292741|Andrew Caudwell|M|/README
1259292741|Andrew Caudwell|M|/debian/changelog
1259292741|Andrew Caudwell|M|/src/gource.cpp
1259292741|Andrew Caudwell|M|/src/gource.h
1259616329|Andrew Caudwell|A|/contrib/svn-gource.py
1259616429|Andrew Caudwell|A|/contrib/mercurial-gource.py
1259616514|Andrew Caudwell|M|/dev/bin/build_tar.pl
1259617754|Andrew Caudwell|M|/README
1259617754|Andrew Caudwell|M|/src/commitlog.h
1259617754|Andrew Caudwell|M|/src/gource.cpp
1259617754|Andrew Caudwell|M|/src/gource.h
1260432921|Andrew Caudwell|M|/src/dirnode.cpp
1260432921|Andrew Caudwell|M|/src/dirnode.h
1260432921|Andrew Caudwell|M|/src/gource.cpp
1260432921|Andrew Caudwell|M|/src/gource.h
1260432921|Andrew Caudwell|M|/src/main.cpp
1260492099|Andrew Caudwell|A|/data/bloom.tga
1260492099|Andrew Caudwell|M|/src/dirnode.cpp
1260492099|Andrew Caudwell|M|/src/dirnode.h
1260492099|Andrew Caudwell|M|/src/gource.cpp
1260492099|Andrew Caudwell|M|/src/gource.h
1260492099|Andrew Caudwell|M|/src/main.cpp
1260503876|Andrew Caudwell|A|/ChangeLog
1260503876|Andrew Caudwell|M|/README
1260503927|Andrew Caudwell|M|/configure.ac
1260503978|Andrew Caudwell|M|/dev/bin/build_tar.pl
1260503978|Andrew Caudwell|M|/dev/bin/build_win32.pl
1260504802|Andrew Caudwell|M|/README
1260504802|Andrew Caudwell|M|/data/gource.1
1260505038|Andrew Caudwell|M|/Makefile.in
1260505078|Andrew Caudwell|M|/src/action.cpp
1260505105|Andrew Caudwell|M|/src/main.cpp
1260505160|Andrew Caudwell|M|/src/dirnode.cpp
1260505160|Andrew Caudwell|M|/src/dirnode.h
1260505160|Andrew Caudwell|M|/src/gource.cpp
1260505160|Andrew Caudwell|M|/src/gource.h
1260508756|Andrew Caudwell|M|/ChangeLog
1260508756|Andrew Caudwell|M|/src/gource.cpp
1260576735|Andrew Caudwell|M|/configure
1260576858|Andrew Caudwell|M|/src/core/display.cpp
1260576858|Andrew Caudwell|M|/src/core/display.h
1260576858|Andrew Caudwell|M|/src/core/sdlapp.cpp
1260576858|Andrew Caudwell|M|/src/core/sdlapp.h
1260577085|Andrew Caudwell|M|/src/commitlog.cpp
1260577085|Andrew Caudwell|M|/src/commitlog.h
1260577085|Andrew Caudwell|M|/src/git.cpp
1260577202|Andrew Caudwell|A|/data/gource.style
1260577262|Andrew Caudwell|M|/src/custom.cpp
1260577290|Andrew Caudwell|M|/src/Makefile.in
1260577290|Andrew Caudwell|M|/src/gource.cpp
1260577290|Andrew Caudwell|M|/src/gource.h
1260577290|Andrew Caudwell|A|/src/hg.cpp
1260577290|Andrew Caudwell|A|/src/hg.h
1260577290|Andrew Caudwell|M|/src/main.cpp
1260578387|Andrew Caudwell|M|/dev/bin/build_tar.pl
1260578387|Andrew Caudwell|M|/dev/bin/build_win32.pl
